<?xml version="1.0" encoding="UTF-8"?>
<testng-results skipped="0" failed="0" ignored="0" total="1" passed="1">
  <reporter-output>
  </reporter-output>
  <suite name="Suite" duration-ms="21566" started-at="2017-04-24T20:39:10Z" finished-at="2017-04-24T20:39:31Z">
    <groups>
    </groups>
    <test name="Test" duration-ms="21566" started-at="2017-04-24T20:39:10Z" finished-at="2017-04-24T20:39:31Z">
      <class name="testi_Sele_testNG.testi_Sele_testNG">
        <test-method status="PASS" signature="beforeMethod()[pri:0, instance:testi_Sele_testNG.testi_Sele_testNG@1753acfe]" name="beforeMethod" is-config="true" duration-ms="1994" started-at="2017-04-24T23:39:10Z" finished-at="2017-04-24T23:39:12Z">
          <reporter-output>
          </reporter-output>
        </test-method> <!-- beforeMethod -->
        <test-method status="PASS" signature="main()[pri:0, instance:testi_Sele_testNG.testi_Sele_testNG@1753acfe]" name="main" duration-ms="19398" started-at="2017-04-24T23:39:12Z" finished-at="2017-04-24T23:39:31Z">
          <reporter-output>
          </reporter-output>
        </test-method> <!-- main -->
        <test-method status="PASS" signature="afterMethod()[pri:0, instance:testi_Sele_testNG.testi_Sele_testNG@1753acfe]" name="afterMethod" is-config="true" duration-ms="147" started-at="2017-04-24T23:39:31Z" finished-at="2017-04-24T23:39:31Z">
          <reporter-output>
          </reporter-output>
        </test-method> <!-- afterMethod -->
      </class> <!-- testi_Sele_testNG.testi_Sele_testNG -->
    </test> <!-- Test -->
  </suite> <!-- Suite -->
</testng-results>
