<?xml version="1.0" encoding="UTF-8"?>
<testng-results skipped="0" failed="0" ignored="0" total="1" passed="1">
  <reporter-output>
  </reporter-output>
  <suite name="Default suite" duration-ms="43581" started-at="2017-04-25T18:34:41Z" finished-at="2017-04-25T18:35:25Z">
    <groups>
    </groups>
    <test name="Default test" duration-ms="43581" started-at="2017-04-25T18:34:41Z" finished-at="2017-04-25T18:35:25Z">
      <class name="testi_Sele_testNG.testi_Sele_testNG">
        <test-method status="PASS" signature="beforeMethod()[pri:0, instance:testi_Sele_testNG.testi_Sele_testNG@7dc7cbad]" name="beforeMethod" is-config="true" duration-ms="2221" started-at="2017-04-25T21:34:41Z" finished-at="2017-04-25T21:34:43Z">
          <reporter-output>
          </reporter-output>
        </test-method> <!-- beforeMethod -->
        <test-method status="PASS" signature="main()[pri:0, instance:testi_Sele_testNG.testi_Sele_testNG@7dc7cbad]" name="main" duration-ms="41126" started-at="2017-04-25T21:34:43Z" finished-at="2017-04-25T21:35:24Z">
          <reporter-output>
          </reporter-output>
        </test-method> <!-- main -->
        <test-method status="PASS" signature="afterMethod()[pri:0, instance:testi_Sele_testNG.testi_Sele_testNG@7dc7cbad]" name="afterMethod" is-config="true" duration-ms="210" started-at="2017-04-25T21:35:24Z" finished-at="2017-04-25T21:35:25Z">
          <reporter-output>
          </reporter-output>
        </test-method> <!-- afterMethod -->
      </class> <!-- testi_Sele_testNG.testi_Sele_testNG -->
    </test> <!-- Default test -->
  </suite> <!-- Default suite -->
</testng-results>
